<?xml version="1.0" encoding="UTF-8"?>
<!-- Generated by org.testng.reporters.JUnitXMLReporter -->
<testsuite hostname="kiashiq-PC" ignored="0" name="Default test" tests="3" failures="0" timestamp="2021-11-18T22:46:08 GMT" time="7.441" errors="0">
  <testcase name="addBook" time="6.458" classname="bdd.DemoProject.DynamicJson"/>
  <testcase name="addBook" time="0.469" classname="bdd.DemoProject.DynamicJson"/>
  <testcase name="addBook" time="0.395" classname="bdd.DemoProject.DynamicJson"/>
</testsuite> <!-- Default test -->
